<?xml version="1.0" encoding="UTF-8"?>
<!-- Generated by org.testng.reporters.JUnitXMLReporter -->
<testsuite ignored="0" hostname="LTIN511453" failures="0" tests="5" name="Test" time="142.935" errors="0" timestamp="2024-04-15T11:42:42 IST">
  <testcase classname="testFiles.worldClockTest" name="verifyUser" time="12.738"/>
  <testcase classname="testFiles.worldClockTest" name="verifyWorldClockText" time="3.444"/>
  <testcase classname="testFiles.worldClockTest" name="validateBangloreTimeZone" time="3.759"/>
  <testcase classname="testFiles.worldClockTest" name="validateLondonTimeZone" time="12.872"/>
  <testcase classname="testFiles.worldClockTest" name="validateNewYorkTimeZone" time="9.226"/>
</testsuite> <!-- Test -->
