<?xml version="1.0" encoding="UTF-8"?>
<!-- Generated by org.testng.reporters.JUnitXMLReporter -->
<testsuite ignored="0" hostname="LTIN511453" failures="0" tests="7" name="Test" time="104.257" errors="0" timestamp="2024-04-02T12:09:31 IST">
  <testcase classname="testFiles.worldClockTest" name="verifyUser" time="14.084"/>
  <testcase classname="testFiles.worldClockTest" name="verifyWorldClockText" time="3.357"/>
  <testcase classname="testFiles.worldClockTest" name="validateBangloreTimeZone" time="3.806"/>
  <testcase classname="testFiles.worldClockTest" name="validateLondonTimeZone" time="6.472"/>
  <testcase classname="testFiles.worldClockTest" name="validateNewYorkTimeZone" time="6.111"/>
  <testcase classname="testFiles.worldClockTest" name="validateHotApps" time="27.749"/>
  <testcase classname="testFiles.worldClockTest" name="validateRandomApp" time="25.612"/>
</testsuite> <!-- Test -->
