<?xml version="1.0" encoding="UTF-8"?>
<testng-results ignored="0" total="7" passed="7" failed="0" skipped="0">
  <reporter-output>
  </reporter-output>
  <suite started-at="2024-04-02T12:07:46 IST" name="Suite" finished-at="2024-04-02T12:09:30 IST" duration-ms="104257">
    <groups>
    </groups>
    <test started-at="2024-04-02T12:07:46 IST" name="Test" finished-at="2024-04-02T12:09:30 IST" duration-ms="104257">
      <class name="testFiles.worldClockTest">
        <test-method is-config="true" signature="setup(java.lang.String)[pri:0, instance:testFiles.worldClockTest@4d1bf319]" started-at="2024-04-02T12:07:46 IST" name="setup" finished-at="2024-04-02T12:07:59 IST" duration-ms="12283" status="PASS">
          <params>
            <param index="0">
              <value>
                <![CDATA[chrome]]>
              </value>
            </param>
          </params>
          <reporter-output>
          </reporter-output>
        </test-method> <!-- setup -->
        <test-method is-config="true" signature="poms()[pri:0, instance:testFiles.worldClockTest@4d1bf319]" started-at="2024-04-02T12:07:59 IST" name="poms" finished-at="2024-04-02T12:07:59 IST" duration-ms="533" status="PASS">
          <reporter-output>
          </reporter-output>
        </test-method> <!-- poms -->
        <test-method signature="verifyUser()[pri:1, instance:testFiles.worldClockTest@4d1bf319]" started-at="2024-04-02T12:07:59 IST" name="verifyUser" finished-at="2024-04-02T12:08:13 IST" duration-ms="14084" status="PASS">
          <reporter-output>
          </reporter-output>
        </test-method> <!-- verifyUser -->
        <test-method signature="verifyWorldClockText()[pri:2, instance:testFiles.worldClockTest@4d1bf319]" started-at="2024-04-02T12:08:14 IST" name="verifyWorldClockText" finished-at="2024-04-02T12:08:17 IST" duration-ms="3357" status="PASS">
          <reporter-output>
          </reporter-output>
        </test-method> <!-- verifyWorldClockText -->
        <test-method signature="validateBangloreTimeZone()[pri:3, instance:testFiles.worldClockTest@4d1bf319]" started-at="2024-04-02T12:08:18 IST" name="validateBangloreTimeZone" finished-at="2024-04-02T12:08:21 IST" depends-on-methods="testFiles.worldClockTest.verifyWorldClockText" duration-ms="3806" status="PASS">
          <reporter-output>
          </reporter-output>
        </test-method> <!-- validateBangloreTimeZone -->
        <test-method signature="validateLondonTimeZone()[pri:4, instance:testFiles.worldClockTest@4d1bf319]" started-at="2024-04-02T12:08:22 IST" name="validateLondonTimeZone" finished-at="2024-04-02T12:08:28 IST" depends-on-methods="testFiles.worldClockTest.verifyWorldClockText" duration-ms="6472" status="PASS">
          <reporter-output>
          </reporter-output>
        </test-method> <!-- validateLondonTimeZone -->
        <test-method signature="validateNewYorkTimeZone()[pri:5, instance:testFiles.worldClockTest@4d1bf319]" started-at="2024-04-02T12:08:28 IST" name="validateNewYorkTimeZone" finished-at="2024-04-02T12:08:35 IST" depends-on-methods="testFiles.worldClockTest.verifyWorldClockText" duration-ms="6111" status="PASS">
          <reporter-output>
          </reporter-output>
        </test-method> <!-- validateNewYorkTimeZone -->
        <test-method signature="validateHotApps()[pri:6, instance:testFiles.worldClockTest@4d1bf319]" started-at="2024-04-02T12:08:35 IST" name="validateHotApps" finished-at="2024-04-02T12:09:03 IST" duration-ms="27749" status="PASS">
          <reporter-output>
          </reporter-output>
        </test-method> <!-- validateHotApps -->
        <test-method signature="validateRandomApp(java.lang.String)[pri:7, instance:testFiles.worldClockTest@4d1bf319]" started-at="2024-04-02T12:09:03 IST" name="validateRandomApp" finished-at="2024-04-02T12:09:28 IST" depends-on-methods="testFiles.worldClockTest.validateHotApps" duration-ms="25612" status="PASS">
          <params>
            <param index="0">
              <value>
                <![CDATA[chrome]]>
              </value>
            </param>
          </params>
          <reporter-output>
          </reporter-output>
        </test-method> <!-- validateRandomApp -->
        <test-method is-config="true" signature="tearDown()[pri:0, instance:testFiles.worldClockTest@4d1bf319]" started-at="2024-04-02T12:09:29 IST" name="tearDown" finished-at="2024-04-02T12:09:30 IST" duration-ms="1317" status="PASS">
          <reporter-output>
          </reporter-output>
        </test-method> <!-- tearDown -->
      </class> <!-- testFiles.worldClockTest -->
    </test> <!-- Test -->
  </suite> <!-- Suite -->
</testng-results>
