<?xml version="1.0" encoding="UTF-8"?>
<testng-results ignored="0" total="7" passed="5" failed="1" skipped="1">
  <reporter-output>
  </reporter-output>
  <suite started-at="2024-04-05T23:31:20 IST" name="Suite" finished-at="2024-04-05T23:32:46 IST" duration-ms="85970">
    <groups>
    </groups>
    <test started-at="2024-04-05T23:31:20 IST" name="Test" finished-at="2024-04-05T23:32:46 IST" duration-ms="85970">
      <class name="testFiles.worldClockTest">
        <test-method is-config="true" signature="setup(java.lang.String)[pri:0, instance:testFiles.worldClockTest@4d1bf319]" started-at="2024-04-05T23:31:21 IST" name="setup" finished-at="2024-04-05T23:31:40 IST" duration-ms="18952" status="PASS">
          <params>
            <param index="0">
              <value>
                <![CDATA[chrome]]>
              </value>
            </param>
          </params>
          <reporter-output>
          </reporter-output>
        </test-method> <!-- setup -->
        <test-method is-config="true" signature="poms()[pri:0, instance:testFiles.worldClockTest@4d1bf319]" started-at="2024-04-05T23:31:40 IST" name="poms" finished-at="2024-04-05T23:31:40 IST" duration-ms="323" status="PASS">
          <reporter-output>
          </reporter-output>
        </test-method> <!-- poms -->
        <test-method signature="verifyUser()[pri:1, instance:testFiles.worldClockTest@4d1bf319]" started-at="2024-04-05T23:31:41 IST" name="verifyUser" finished-at="2024-04-05T23:31:54 IST" duration-ms="13281" status="PASS">
          <reporter-output>
          </reporter-output>
        </test-method> <!-- verifyUser -->
        <test-method signature="verifyWorldClockText()[pri:2, instance:testFiles.worldClockTest@4d1bf319]" started-at="2024-04-05T23:31:54 IST" name="verifyWorldClockText" finished-at="2024-04-05T23:31:58 IST" duration-ms="3293" status="PASS">
          <reporter-output>
          </reporter-output>
        </test-method> <!-- verifyWorldClockText -->
        <test-method signature="validateBangloreTimeZone()[pri:3, instance:testFiles.worldClockTest@4d1bf319]" started-at="2024-04-05T23:31:58 IST" name="validateBangloreTimeZone" finished-at="2024-04-05T23:32:02 IST" depends-on-methods="testFiles.worldClockTest.verifyWorldClockText" duration-ms="3772" status="PASS">
          <reporter-output>
          </reporter-output>
        </test-method> <!-- validateBangloreTimeZone -->
        <test-method signature="validateLondonTimeZone()[pri:4, instance:testFiles.worldClockTest@4d1bf319]" started-at="2024-04-05T23:32:02 IST" name="validateLondonTimeZone" finished-at="2024-04-05T23:32:16 IST" depends-on-methods="testFiles.worldClockTest.verifyWorldClockText" duration-ms="13750" status="PASS">
          <reporter-output>
          </reporter-output>
        </test-method> <!-- validateLondonTimeZone -->
        <test-method signature="validateNewYorkTimeZone()[pri:5, instance:testFiles.worldClockTest@4d1bf319]" started-at="2024-04-05T23:32:16 IST" name="validateNewYorkTimeZone" finished-at="2024-04-05T23:32:21 IST" depends-on-methods="testFiles.worldClockTest.verifyWorldClockText" duration-ms="5505" status="PASS">
          <reporter-output>
          </reporter-output>
        </test-method> <!-- validateNewYorkTimeZone -->
        <test-method signature="validateHotApps()[pri:6, instance:testFiles.worldClockTest@4d1bf319]" started-at="2024-04-05T23:32:22 IST" name="validateHotApps" finished-at="2024-04-05T23:32:44 IST" duration-ms="22580" status="FAIL">
          <exception class="org.openqa.selenium.ElementClickInterceptedException">
            <message>
              <![CDATA[element click intercepted: Element <div role="link" tabindex="0" class="viewAllHotAppsBtn" onclick="LoadAppStore()">...</div> is not clickable at point (1282, 336). Other element would receive the click: <div id="overLay" style="opacity: 0.7; display: block; position: fixed; width: 100%; top: 0px; left: 0px; background-color: rgb(0, 0, 0); border: 1px solid rgb(206, 206, 206); z-index: 11111; height: 695px;" onclick="disablePopup();"></div>
  (Session info: chrome=120.0.6099.130)
Build info: version: '4.17.0', revision: 'e52b1be057*'
System info: os.name: 'Windows 11', os.arch: 'amd64', os.version: '10.0', java.version: '17.0.10'
Driver info: org.openqa.selenium.chrome.ChromeDriver
Command: [d94975b79b1eb0a66225c259c8efed16, clickElement {id=F6E805C760C11CEB921B5B11E3085E10_element_126}]
Capabilities {acceptInsecureCerts: false, browserName: chrome, browserVersion: 120.0.6099.130, chrome: {chromedriverVersion: 120.0.6099.109 (3419140ab66..., userDataDir: C:\windows\SystemTemp\scope...}, fedcm:accounts: true, goog:chromeOptions: {debuggerAddress: localhost:56328}, networkConnectionEnabled: false, pageLoadStrategy: normal, platformName: windows, proxy: Proxy(), se:cdp: ws://localhost:56328/devtoo..., se:cdpVersion: 120.0.6099.130, setWindowRect: true, strictFileInteractability: false, timeouts: {implicit: 0, pageLoad: 300000, script: 30000}, unhandledPromptBehavior: dismiss and notify, webauthn:extension:credBlob: true, webauthn:extension:largeBlob: true, webauthn:extension:minPinLength: true, webauthn:extension:prf: true, webauthn:virtualAuthenticators: true}
Element: [[ChromeDriver: chrome on windows (d94975b79b1eb0a66225c259c8efed16)] -> xpath: //div[@class = 'viewAllHotAppsBtn']]
Session ID: d94975b79b1eb0a66225c259c8efed16]]>
            </message>
            <full-stacktrace>
              <![CDATA[org.openqa.selenium.ElementClickInterceptedException: element click intercepted: Element <div role="link" tabindex="0" class="viewAllHotAppsBtn" onclick="LoadAppStore()">...</div> is not clickable at point (1282, 336). Other element would receive the click: <div id="overLay" style="opacity: 0.7; display: block; position: fixed; width: 100%; top: 0px; left: 0px; background-color: rgb(0, 0, 0); border: 1px solid rgb(206, 206, 206); z-index: 11111; height: 695px;" onclick="disablePopup();"></div>
  (Session info: chrome=120.0.6099.130)
Build info: version: '4.17.0', revision: 'e52b1be057*'
System info: os.name: 'Windows 11', os.arch: 'amd64', os.version: '10.0', java.version: '17.0.10'
Driver info: org.openqa.selenium.chrome.ChromeDriver
Command: [d94975b79b1eb0a66225c259c8efed16, clickElement {id=F6E805C760C11CEB921B5B11E3085E10_element_126}]
Capabilities {acceptInsecureCerts: false, browserName: chrome, browserVersion: 120.0.6099.130, chrome: {chromedriverVersion: 120.0.6099.109 (3419140ab66..., userDataDir: C:\windows\SystemTemp\scope...}, fedcm:accounts: true, goog:chromeOptions: {debuggerAddress: localhost:56328}, networkConnectionEnabled: false, pageLoadStrategy: normal, platformName: windows, proxy: Proxy(), se:cdp: ws://localhost:56328/devtoo..., se:cdpVersion: 120.0.6099.130, setWindowRect: true, strictFileInteractability: false, timeouts: {implicit: 0, pageLoad: 300000, script: 30000}, unhandledPromptBehavior: dismiss and notify, webauthn:extension:credBlob: true, webauthn:extension:largeBlob: true, webauthn:extension:minPinLength: true, webauthn:extension:prf: true, webauthn:virtualAuthenticators: true}
Element: [[ChromeDriver: chrome on windows (d94975b79b1eb0a66225c259c8efed16)] -> xpath: //div[@class = 'viewAllHotAppsBtn']]
Session ID: d94975b79b1eb0a66225c259c8efed16
at java.base/jdk.internal.reflect.NativeConstructorAccessorImpl.newInstance0(Native Method)
at java.base/jdk.internal.reflect.NativeConstructorAccessorImpl.newInstance(NativeConstructorAccessorImpl.java:77)
at java.base/jdk.internal.reflect.DelegatingConstructorAccessorImpl.newInstance(DelegatingConstructorAccessorImpl.java:45)
at java.base/java.lang.reflect.Constructor.newInstanceWithCaller(Constructor.java:499)
at java.base/java.lang.reflect.Constructor.newInstance(Constructor.java:480)
at org.openqa.selenium.remote.codec.w3c.W3CHttpResponseCodec.createException(W3CHttpResponseCodec.java:185)
at org.openqa.selenium.remote.codec.w3c.W3CHttpResponseCodec.decode(W3CHttpResponseCodec.java:134)
at org.openqa.selenium.remote.codec.w3c.W3CHttpResponseCodec.decode(W3CHttpResponseCodec.java:51)
at org.openqa.selenium.remote.HttpCommandExecutor.execute(HttpCommandExecutor.java:190)
at org.openqa.selenium.remote.service.DriverCommandExecutor.invokeExecute(DriverCommandExecutor.java:216)
at org.openqa.selenium.remote.service.DriverCommandExecutor.execute(DriverCommandExecutor.java:174)
at org.openqa.selenium.remote.RemoteWebDriver.execute(RemoteWebDriver.java:519)
at org.openqa.selenium.remote.RemoteWebElement.execute(RemoteWebElement.java:223)
at org.openqa.selenium.remote.RemoteWebElement.click(RemoteWebElement.java:76)
at java.base/jdk.internal.reflect.NativeMethodAccessorImpl.invoke0(Native Method)
at java.base/jdk.internal.reflect.NativeMethodAccessorImpl.invoke(NativeMethodAccessorImpl.java:77)
at java.base/jdk.internal.reflect.DelegatingMethodAccessorImpl.invoke(DelegatingMethodAccessorImpl.java:43)
at java.base/java.lang.reflect.Method.invoke(Method.java:568)
at org.openqa.selenium.support.pagefactory.internal.LocatingElementHandler.invoke(LocatingElementHandler.java:51)
at jdk.proxy2/jdk.proxy2.$Proxy49.click(Unknown Source)
at POMfiles.OneCognizantPOM.clickHotApps(OneCognizantPOM.java:41)
at testFiles.worldClockTest.validateHotApps(worldClockTest.java:233)
at java.base/jdk.internal.reflect.NativeMethodAccessorImpl.invoke0(Native Method)
at java.base/jdk.internal.reflect.NativeMethodAccessorImpl.invoke(NativeMethodAccessorImpl.java:77)
at java.base/jdk.internal.reflect.DelegatingMethodAccessorImpl.invoke(DelegatingMethodAccessorImpl.java:43)
at java.base/java.lang.reflect.Method.invoke(Method.java:568)
at org.testng.internal.invokers.MethodInvocationHelper.invokeMethod(MethodInvocationHelper.java:139)
at org.testng.internal.invokers.TestInvoker.invokeMethod(TestInvoker.java:664)
at org.testng.internal.invokers.TestInvoker.invokeTestMethod(TestInvoker.java:228)
at org.testng.internal.invokers.MethodRunner.runInSequence(MethodRunner.java:63)
at org.testng.internal.invokers.TestInvoker$MethodInvocationAgent.invoke(TestInvoker.java:961)
at org.testng.internal.invokers.TestInvoker.invokeTestMethods(TestInvoker.java:201)
at org.testng.internal.invokers.TestMethodWorker.invokeTestMethods(TestMethodWorker.java:148)
at org.testng.internal.invokers.TestMethodWorker.run(TestMethodWorker.java:128)
at java.base/java.util.ArrayList.forEach(ArrayList.java:1511)
at org.testng.TestRunner.privateRun(TestRunner.java:819)
at org.testng.TestRunner.run(TestRunner.java:619)
at org.testng.SuiteRunner.runTest(SuiteRunner.java:443)
at org.testng.SuiteRunner.runSequentially(SuiteRunner.java:437)
at org.testng.SuiteRunner.privateRun(SuiteRunner.java:397)
at org.testng.SuiteRunner.run(SuiteRunner.java:336)
at org.testng.SuiteRunnerWorker.runSuite(SuiteRunnerWorker.java:52)
at org.testng.SuiteRunnerWorker.run(SuiteRunnerWorker.java:95)
at org.testng.TestNG.runSuitesSequentially(TestNG.java:1301)
at org.testng.TestNG.runSuitesLocally(TestNG.java:1228)
at org.testng.TestNG.runSuites(TestNG.java:1134)
at org.testng.TestNG.run(TestNG.java:1101)
at org.testng.remote.AbstractRemoteTestNG.run(AbstractRemoteTestNG.java:115)
at org.testng.remote.RemoteTestNG.initAndRun(RemoteTestNG.java:251)
at org.testng.remote.RemoteTestNG.main(RemoteTestNG.java:77)
]]>
            </full-stacktrace>
          </exception> <!-- org.openqa.selenium.ElementClickInterceptedException -->
          <reporter-output>
          </reporter-output>
        </test-method> <!-- validateHotApps -->
        <test-method signature="validateRandomApp(java.lang.String)[pri:7, instance:testFiles.worldClockTest@4d1bf319]" started-at="2024-04-05T23:32:45 IST" name="validateRandomApp" finished-at="2024-04-05T23:32:45 IST" depends-on-methods="testFiles.worldClockTest.validateHotApps" duration-ms="0" status="SKIP">
          <exception class="java.lang.Throwable">
            <message>
              <![CDATA[Method testFiles.worldClockTest.validateRandomApp() on instance testFiles.worldClockTest@4d1bf319 depends on not successfully finished methods 
[testFiles.worldClockTest.validateHotApps() on instance testFiles.worldClockTest@4d1bf319]]]>
            </message>
            <full-stacktrace>
              <![CDATA[java.lang.Throwable: Method testFiles.worldClockTest.validateRandomApp() on instance testFiles.worldClockTest@4d1bf319 depends on not successfully finished methods 
[testFiles.worldClockTest.validateHotApps() on instance testFiles.worldClockTest@4d1bf319]
at org.testng.internal.invokers.TestInvoker.invokeTestMethods(TestInvoker.java:157)
at org.testng.internal.invokers.TestMethodWorker.invokeTestMethods(TestMethodWorker.java:148)
at org.testng.internal.invokers.TestMethodWorker.run(TestMethodWorker.java:128)
at java.base/java.util.ArrayList.forEach(ArrayList.java:1511)
at org.testng.TestRunner.privateRun(TestRunner.java:819)
at org.testng.TestRunner.run(TestRunner.java:619)
at org.testng.SuiteRunner.runTest(SuiteRunner.java:443)
at org.testng.SuiteRunner.runSequentially(SuiteRunner.java:437)
at org.testng.SuiteRunner.privateRun(SuiteRunner.java:397)
at org.testng.SuiteRunner.run(SuiteRunner.java:336)
at org.testng.SuiteRunnerWorker.runSuite(SuiteRunnerWorker.java:52)
at org.testng.SuiteRunnerWorker.run(SuiteRunnerWorker.java:95)
at org.testng.TestNG.runSuitesSequentially(TestNG.java:1301)
at org.testng.TestNG.runSuitesLocally(TestNG.java:1228)
at org.testng.TestNG.runSuites(TestNG.java:1134)
at org.testng.TestNG.run(TestNG.java:1101)
at org.testng.remote.AbstractRemoteTestNG.run(AbstractRemoteTestNG.java:115)
at org.testng.remote.RemoteTestNG.initAndRun(RemoteTestNG.java:251)
at org.testng.remote.RemoteTestNG.main(RemoteTestNG.java:77)
]]>
            </full-stacktrace>
          </exception> <!-- java.lang.Throwable -->
          <reporter-output>
          </reporter-output>
        </test-method> <!-- validateRandomApp -->
        <test-method is-config="true" signature="tearDown()[pri:0, instance:testFiles.worldClockTest@4d1bf319]" started-at="2024-04-05T23:32:45 IST" name="tearDown" finished-at="2024-04-05T23:32:46 IST" duration-ms="1690" status="PASS">
          <reporter-output>
          </reporter-output>
        </test-method> <!-- tearDown -->
      </class> <!-- testFiles.worldClockTest -->
    </test> <!-- Test -->
  </suite> <!-- Suite -->
</testng-results>
